Build started 12/27/2013 11:15:09 AM.
     1>Project "C:\Users\Owner\Documents\gitOpenGL\CSE470_Proj2\Project2\Project2.vcxproj" on node 2 (Build target(s)).
     1>ClCompile:
         C:\Program Files (x86)\Microsoft Visual Studio 11.0\VC\bin\CL.exe /c /IC:\Users\Owner\Downloads\MeshDataStructure_VectorLibrary_FileReader\IlmBase\inc\Iex /IC:\Users\Owner\Downloads\MeshDataStructure_VectorLibrary_FileReader\IlmBase\inc\Half /IC:\Users\Owner\Downloads\MeshDataStructure_VectorLibrary_FileReader\IlmBase\inc\Imath /IC:\Users\Owner\Downloads\MeshDataStructure_VectorLibrary_FileReader\IlmBase\inc\IlmThread /Zi /nologo /W3 /WX- /sdl /O2 /Oi /Oy- /GL /D _MBCS /Gm- /EHsc /MD /GS /Gy /fp:precise /Zc:wchar_t /Zc:forScope /Fo"Release\\" /Fd"Release\vc110.pdb" /Gd /TP /analyze- /errorReport:prompt Loaders.cpp Project2.cpp
         Loaders.cpp
         Project2.cpp
     1>Project2.cpp(33): warning C4305: 'initializing' : truncation from 'double' to 'GLfloat'
     1>Project2.cpp(48): warning C4305: 'initializing' : truncation from 'double' to 'GLfloat'
     1>Project2.cpp(53): warning C4305: 'initializing' : truncation from 'double' to 'GLfloat'
     1>Project2.cpp(55): warning C4305: 'initializing' : truncation from 'double' to 'GLfloat'
     1>Project2.cpp(56): warning C4305: 'initializing' : truncation from 'double' to 'GLfloat'
     1>Project2.cpp(57): warning C4305: 'initializing' : truncation from 'double' to 'GLfloat'
     1>Project2.cpp(58): warning C4305: 'initializing' : truncation from 'double' to 'GLfloat'
     1>Project2.cpp(60): warning C4305: 'initializing' : truncation from 'double' to 'GLfloat'
     1>Project2.cpp(61): warning C4305: 'initializing' : truncation from 'double' to 'GLfloat'
     1>Project2.cpp(62): warning C4305: 'initializing' : truncation from 'double' to 'GLfloat'
     1>Project2.cpp(65): warning C4305: 'initializing' : truncation from 'double' to 'GLfloat'
     1>Project2.cpp(66): warning C4305: 'initializing' : truncation from 'double' to 'GLfloat'
     1>Project2.cpp(67): warning C4305: 'initializing' : truncation from 'double' to 'GLfloat'
     1>Project2.cpp(68): warning C4305: 'initializing' : truncation from 'double' to 'GLfloat'
     1>Project2.cpp(70): warning C4305: 'initializing' : truncation from 'double' to 'GLfloat'
     1>Project2.cpp(71): warning C4305: 'initializing' : truncation from 'double' to 'GLfloat'
     1>Project2.cpp(72): warning C4305: 'initializing' : truncation from 'double' to 'GLfloat'
     1>Project2.cpp(73): warning C4305: 'initializing' : truncation from 'double' to 'GLfloat'
     1>Project2.cpp(76): warning C4305: 'initializing' : truncation from 'double' to 'GLfloat'
     1>Project2.cpp(77): warning C4305: 'initializing' : truncation from 'double' to 'GLfloat'
     1>Project2.cpp(231): warning C4244: '-=' : conversion from 'double' to 'float', possible loss of data
     1>Project2.cpp(234): warning C4244: '+=' : conversion from 'double' to 'float', possible loss of data
     1>Project2.cpp(237): warning C4244: '-=' : conversion from 'double' to 'float', possible loss of data
     1>Project2.cpp(240): warning C4244: '+=' : conversion from 'double' to 'float', possible loss of data
     1>Project2.cpp(446): warning C4244: '=' : conversion from 'double' to 'GLfloat', possible loss of data
     1>Project2.cpp(518): warning C4305: 'argument' : truncation from 'double' to 'GLfloat'
     1>Project2.cpp(524): warning C4305: 'argument' : truncation from 'double' to 'GLfloat'
     1>Project2.cpp(602): warning C4244: '+=' : conversion from 'double' to 'float', possible loss of data
     1>Project2.cpp(603): warning C4244: '+=' : conversion from 'double' to 'float', possible loss of data
     1>Project2.cpp(683): warning C4244: '+=' : conversion from 'double' to 'float', possible loss of data
     1>Project2.cpp(684): warning C4244: '+=' : conversion from 'double' to 'float', possible loss of data
     1>Project2.cpp(691): warning C4244: '+=' : conversion from 'double' to 'float', possible loss of data
     1>Project2.cpp(693): warning C4305: '=' : truncation from 'double' to 'float'
       Link:
         C:\Program Files (x86)\Microsoft Visual Studio 11.0\VC\bin\link.exe /ERRORREPORT:PROMPT /OUT:"C:\Users\Owner\Documents\gitOpenGL\CSE470_Proj2\Release\Project2.exe" /NOLOGO kernel32.lib user32.lib gdi32.lib winspool.lib comdlg32.lib advapi32.lib shell32.lib ole32.lib oleaut32.lib uuid.lib odbc32.lib odbccp32.lib /MANIFEST /MANIFESTUAC:"level='asInvoker' uiAccess='false'" /manifest:embed /DEBUG /PDB:"C:\Users\Owner\Documents\gitOpenGL\CSE470_Proj2\Release\Project2.pdb" /OPT:REF /OPT:ICF /LTCG /TLBID:1 /DYNAMICBASE /NXCOMPAT /IMPLIB:"C:\Users\Owner\Documents\gitOpenGL\CSE470_Proj2\Release\Project2.lib" /MACHINE:X86 /SAFESEH Release\Loaders.obj
         Release\Project2.obj
         Generating code
         Finished generating code
         Project2.vcxproj -> C:\Users\Owner\Documents\gitOpenGL\CSE470_Proj2\Release\Project2.exe
     1>Done Building Project "C:\Users\Owner\Documents\gitOpenGL\CSE470_Proj2\Project2\Project2.vcxproj" (Build target(s)).

Build succeeded.

Time Elapsed 00:00:05.10
