C:\USERS\OWNER\DOCUMENTS\VISUAL STUDIO 2012\PROJECTS\CSE470\ASSIGNMENT2\PROJECT2\PROJECT2\RELEASE\PROJECT2.OBJ
C:\USERS\OWNER\DOCUMENTS\VISUAL STUDIO 2012\PROJECTS\CSE470\ASSIGNMENT2\PROJECT2\PROJECT2\RELEASE\LOADERS.OBJ
C:\USERS\OWNER\DOCUMENTS\VISUAL STUDIO 2012\PROJECTS\CSE470\ASSIGNMENT2\PROJECT2\PROJECT2\RELEASE\VC110.PDB
C:\USERS\OWNER\DOCUMENTS\VISUAL STUDIO 2012\PROJECTS\CSE470\ASSIGNMENT2\PROJECT2\RELEASE\PROJECT2.EXE
C:\USERS\OWNER\DOCUMENTS\VISUAL STUDIO 2012\PROJECTS\CSE470\ASSIGNMENT2\PROJECT2\RELEASE\PROJECT2.PDB
C:\Users\Owner\Documents\Visual Studio 2012\Projects\CSE470\Assignment2\Project2\Project2\Release\Loaders.obj
C:\Users\Owner\Documents\Visual Studio 2012\Projects\CSE470\Assignment2\Project2\Project2\Release\Project2.obj
C:\Users\Owner\Documents\Visual Studio 2012\Projects\CSE470\Assignment2\Project2\Project2\Release\cl.command.1.tlog
C:\Users\Owner\Documents\Visual Studio 2012\Projects\CSE470\Assignment2\Project2\Project2\Release\CL.read.1.tlog
C:\Users\Owner\Documents\Visual Studio 2012\Projects\CSE470\Assignment2\Project2\Project2\Release\CL.write.1.tlog
C:\Users\Owner\Documents\Visual Studio 2012\Projects\CSE470\Assignment2\Project2\Project2\Release\link-cvtres.read.1.tlog
C:\Users\Owner\Documents\Visual Studio 2012\Projects\CSE470\Assignment2\Project2\Project2\Release\link-cvtres.write.1.tlog
C:\Users\Owner\Documents\Visual Studio 2012\Projects\CSE470\Assignment2\Project2\Project2\Release\link-rc.read.1.tlog
C:\Users\Owner\Documents\Visual Studio 2012\Projects\CSE470\Assignment2\Project2\Project2\Release\link-rc.write.1.tlog
C:\Users\Owner\Documents\Visual Studio 2012\Projects\CSE470\Assignment2\Project2\Project2\Release\link.command.1.tlog
C:\Users\Owner\Documents\Visual Studio 2012\Projects\CSE470\Assignment2\Project2\Project2\Release\link.read.1.tlog
C:\Users\Owner\Documents\Visual Studio 2012\Projects\CSE470\Assignment2\Project2\Project2\Release\link.write.1.tlog
C:\Users\Owner\Documents\Visual Studio 2012\Projects\CSE470\Assignment2\Project2\Project2\Release\vc110.pdb
C:\Users\Owner\Documents\Visual Studio 2012\Projects\CSE470\Assignment2\Project2\Release\Project2.pdb
C:\Users\Owner\Documents\Visual Studio 2012\Projects\CSE470\Assignment2\Project2\Release\Project2.exe
