Build started 10/15/2013 10:19:24 PM.
     1>Project "C:\Users\Owner\Documents\Visual Studio 2012\Projects\CSE470\Assignment2\Project2\Project2\Project2.vcxproj" on node 2 (Build target(s)).
     1>ClCompile:
         C:\Program Files (x86)\Microsoft Visual Studio 11.0\VC\bin\CL.exe /c /IC:\Users\Owner\Downloads\MeshDataStructure_VectorLibrary_FileReader\IlmBase\inc\Iex /IC:\Users\Owner\Downloads\MeshDataStructure_VectorLibrary_FileReader\IlmBase\inc\Half /IC:\Users\Owner\Downloads\MeshDataStructure_VectorLibrary_FileReader\IlmBase\inc\Imath /IC:\Users\Owner\Downloads\MeshDataStructure_VectorLibrary_FileReader\IlmBase\inc\IlmThread /ZI /nologo /W3 /WX- /sdl /Od /Oy- /D _MBCS /Gm /EHsc /RTC1 /MDd /GS /fp:precise /Zc:wchar_t /Zc:forScope /Fo"Debug\\" /Fd"Debug\vc110.pdb" /Gd /TP /analyze- /errorReport:prompt Loaders.cpp Project2.cpp
         Project2.cpp
     1>c:\users\owner\documents\visual studio 2012\projects\cse470\assignment2\project2\project2\project2.cpp(33): warning C4305: 'initializing' : truncation from 'double' to 'GLfloat'
     1>c:\users\owner\documents\visual studio 2012\projects\cse470\assignment2\project2\project2\project2.cpp(48): warning C4305: 'initializing' : truncation from 'double' to 'GLfloat'
     1>c:\users\owner\documents\visual studio 2012\projects\cse470\assignment2\project2\project2\project2.cpp(53): warning C4305: 'initializing' : truncation from 'double' to 'GLfloat'
     1>c:\users\owner\documents\visual studio 2012\projects\cse470\assignment2\project2\project2\project2.cpp(55): warning C4305: 'initializing' : truncation from 'double' to 'GLfloat'
     1>c:\users\owner\documents\visual studio 2012\projects\cse470\assignment2\project2\project2\project2.cpp(56): warning C4305: 'initializing' : truncation from 'double' to 'GLfloat'
     1>c:\users\owner\documents\visual studio 2012\projects\cse470\assignment2\project2\project2\project2.cpp(57): warning C4305: 'initializing' : truncation from 'double' to 'GLfloat'
     1>c:\users\owner\documents\visual studio 2012\projects\cse470\assignment2\project2\project2\project2.cpp(58): warning C4305: 'initializing' : truncation from 'double' to 'GLfloat'
     1>c:\users\owner\documents\visual studio 2012\projects\cse470\assignment2\project2\project2\project2.cpp(60): warning C4305: 'initializing' : truncation from 'double' to 'GLfloat'
     1>c:\users\owner\documents\visual studio 2012\projects\cse470\assignment2\project2\project2\project2.cpp(61): warning C4305: 'initializing' : truncation from 'double' to 'GLfloat'
     1>c:\users\owner\documents\visual studio 2012\projects\cse470\assignment2\project2\project2\project2.cpp(62): warning C4305: 'initializing' : truncation from 'double' to 'GLfloat'
     1>c:\users\owner\documents\visual studio 2012\projects\cse470\assignment2\project2\project2\project2.cpp(65): warning C4305: 'initializing' : truncation from 'double' to 'GLfloat'
     1>c:\users\owner\documents\visual studio 2012\projects\cse470\assignment2\project2\project2\project2.cpp(66): warning C4305: 'initializing' : truncation from 'double' to 'GLfloat'
     1>c:\users\owner\documents\visual studio 2012\projects\cse470\assignment2\project2\project2\project2.cpp(67): warning C4305: 'initializing' : truncation from 'double' to 'GLfloat'
     1>c:\users\owner\documents\visual studio 2012\projects\cse470\assignment2\project2\project2\project2.cpp(68): warning C4305: 'initializing' : truncation from 'double' to 'GLfloat'
     1>c:\users\owner\documents\visual studio 2012\projects\cse470\assignment2\project2\project2\project2.cpp(70): warning C4305: 'initializing' : truncation from 'double' to 'GLfloat'
     1>c:\users\owner\documents\visual studio 2012\projects\cse470\assignment2\project2\project2\project2.cpp(71): warning C4305: 'initializing' : truncation from 'double' to 'GLfloat'
     1>c:\users\owner\documents\visual studio 2012\projects\cse470\assignment2\project2\project2\project2.cpp(72): warning C4305: 'initializing' : truncation from 'double' to 'GLfloat'
     1>c:\users\owner\documents\visual studio 2012\projects\cse470\assignment2\project2\project2\project2.cpp(73): warning C4305: 'initializing' : truncation from 'double' to 'GLfloat'
     1>c:\users\owner\documents\visual studio 2012\projects\cse470\assignment2\project2\project2\project2.cpp(76): warning C4305: 'initializing' : truncation from 'double' to 'GLfloat'
     1>c:\users\owner\documents\visual studio 2012\projects\cse470\assignment2\project2\project2\project2.cpp(77): warning C4305: 'initializing' : truncation from 'double' to 'GLfloat'
     1>c:\users\owner\documents\visual studio 2012\projects\cse470\assignment2\project2\project2\project2.cpp(233): warning C4244: '-=' : conversion from 'double' to 'float', possible loss of data
     1>c:\users\owner\documents\visual studio 2012\projects\cse470\assignment2\project2\project2\project2.cpp(236): warning C4244: '+=' : conversion from 'double' to 'float', possible loss of data
     1>c:\users\owner\documents\visual studio 2012\projects\cse470\assignment2\project2\project2\project2.cpp(239): warning C4244: '-=' : conversion from 'double' to 'float', possible loss of data
     1>c:\users\owner\documents\visual studio 2012\projects\cse470\assignment2\project2\project2\project2.cpp(242): warning C4244: '+=' : conversion from 'double' to 'float', possible loss of data
     1>c:\users\owner\documents\visual studio 2012\projects\cse470\assignment2\project2\project2\project2.cpp(448): warning C4244: '=' : conversion from 'double' to 'GLfloat', possible loss of data
     1>c:\users\owner\documents\visual studio 2012\projects\cse470\assignment2\project2\project2\project2.cpp(520): warning C4305: 'argument' : truncation from 'double' to 'GLfloat'
     1>c:\users\owner\documents\visual studio 2012\projects\cse470\assignment2\project2\project2\project2.cpp(526): warning C4305: 'argument' : truncation from 'double' to 'GLfloat'
     1>c:\users\owner\documents\visual studio 2012\projects\cse470\assignment2\project2\project2\project2.cpp(605): warning C4244: '+=' : conversion from 'double' to 'float', possible loss of data
     1>c:\users\owner\documents\visual studio 2012\projects\cse470\assignment2\project2\project2\project2.cpp(606): warning C4244: '+=' : conversion from 'double' to 'float', possible loss of data
     1>c:\users\owner\documents\visual studio 2012\projects\cse470\assignment2\project2\project2\project2.cpp(686): warning C4244: '+=' : conversion from 'double' to 'float', possible loss of data
     1>c:\users\owner\documents\visual studio 2012\projects\cse470\assignment2\project2\project2\project2.cpp(687): warning C4244: '+=' : conversion from 'double' to 'float', possible loss of data
     1>c:\users\owner\documents\visual studio 2012\projects\cse470\assignment2\project2\project2\project2.cpp(694): warning C4244: '+=' : conversion from 'double' to 'float', possible loss of data
     1>c:\users\owner\documents\visual studio 2012\projects\cse470\assignment2\project2\project2\project2.cpp(696): warning C4305: '=' : truncation from 'double' to 'float'
         Loaders.cpp
         Generating Code...
       Link:
         C:\Program Files (x86)\Microsoft Visual Studio 11.0\VC\bin\link.exe /ERRORREPORT:PROMPT /OUT:"C:\Users\Owner\Documents\Visual Studio 2012\Projects\CSE470\Assignment2\Project2\Debug\Project2.exe" /INCREMENTAL /NOLOGO freeglut.lib glut32.lib kernel32.lib user32.lib gdi32.lib winspool.lib comdlg32.lib advapi32.lib shell32.lib ole32.lib oleaut32.lib uuid.lib odbc32.lib odbccp32.lib kernel32.lib user32.lib gdi32.lib winspool.lib comdlg32.lib advapi32.lib shell32.lib ole32.lib oleaut32.lib uuid.lib odbc32.lib odbccp32.lib /MANIFEST /MANIFESTUAC:"level='asInvoker' uiAccess='false'" /manifest:embed /DEBUG /PDB:"C:\Users\Owner\Documents\Visual Studio 2012\Projects\CSE470\Assignment2\Project2\Debug\Project2.pdb" /TLBID:1 /DYNAMICBASE /NXCOMPAT /IMPLIB:"C:\Users\Owner\Documents\Visual Studio 2012\Projects\CSE470\Assignment2\Project2\Debug\Project2.lib" /MACHINE:X86 Debug\Loaders.obj
         Debug\Project2.obj
         Project2.vcxproj -> C:\Users\Owner\Documents\Visual Studio 2012\Projects\CSE470\Assignment2\Project2\Debug\Project2.exe
     1>Done Building Project "C:\Users\Owner\Documents\Visual Studio 2012\Projects\CSE470\Assignment2\Project2\Project2\Project2.vcxproj" (Build target(s)).

Build succeeded.

Time Elapsed 00:00:05.22
