C:\Users\Allen\Desktop\CSE470_Proj2\Debug\Project2.exe
C:\Users\Allen\Desktop\CSE470_Proj2\Debug\Project2.ilk
C:\Users\Allen\Desktop\CSE470_Proj2\Debug\Project2.pdb
C:\Users\Allen\Desktop\CSE470_Proj2\Project2\Debug\cl.command.1.tlog
C:\Users\Allen\Desktop\CSE470_Proj2\Project2\Debug\CL.read.1.tlog
C:\Users\Allen\Desktop\CSE470_Proj2\Project2\Debug\CL.write.1.tlog
C:\Users\Allen\Desktop\CSE470_Proj2\Project2\Debug\link.command.1.tlog
C:\Users\Allen\Desktop\CSE470_Proj2\Project2\Debug\link.read.1.tlog
C:\Users\Allen\Desktop\CSE470_Proj2\Project2\Debug\link.write.1.tlog
C:\Users\Allen\Desktop\CSE470_Proj2\Project2\Debug\link-cvtres.read.1.tlog
C:\Users\Allen\Desktop\CSE470_Proj2\Project2\Debug\link-cvtres.write.1.tlog
C:\Users\Allen\Desktop\CSE470_Proj2\Project2\Debug\link-rc.read.1.tlog
C:\Users\Allen\Desktop\CSE470_Proj2\Project2\Debug\link-rc.write.1.tlog
C:\Users\Allen\Desktop\CSE470_Proj2\Project2\Debug\Loaders.obj
C:\Users\Allen\Desktop\CSE470_Proj2\Project2\Debug\Project2.obj
C:\Users\Allen\Desktop\CSE470_Proj2\Project2\Debug\vc110.idb
C:\Users\Allen\Desktop\CSE470_Proj2\Project2\Debug\vc110.pdb
C:\USERS\OWNER\DOCUMENTS\VISUAL STUDIO 2012\PROJECTS\CSE470\ASSIGNMENT2\PROJECT2\DEBUG\PROJECT2.EXE
C:\USERS\OWNER\DOCUMENTS\VISUAL STUDIO 2012\PROJECTS\CSE470\ASSIGNMENT2\PROJECT2\DEBUG\PROJECT2.ILK
C:\USERS\OWNER\DOCUMENTS\VISUAL STUDIO 2012\PROJECTS\CSE470\ASSIGNMENT2\PROJECT2\DEBUG\PROJECT2.PDB
C:\USERS\OWNER\DOCUMENTS\VISUAL STUDIO 2012\PROJECTS\CSE470\ASSIGNMENT2\PROJECT2\PROJECT2\DEBUG\LOADERS.OBJ
C:\USERS\OWNER\DOCUMENTS\VISUAL STUDIO 2012\PROJECTS\CSE470\ASSIGNMENT2\PROJECT2\PROJECT2\DEBUG\PROJECT2.OBJ
C:\USERS\OWNER\DOCUMENTS\VISUAL STUDIO 2012\PROJECTS\CSE470\ASSIGNMENT2\PROJECT2\PROJECT2\DEBUG\VC110.PDB
